# JRE version: OpenJDK Runtime Environment (8.0_212-b04) (build 1.8.0_212-release-1586-b04)
# Java VM: OpenJDK 64-Bit Server VM (25.212-b04 mixed mode windows-amd64 compressed oops)
Heap:
 PSYoungGen      total 336896K, used 312205K [0x00000000e0000000, 0x00000000ff000000, 0x0000000100000000)
  eden space 292864K, 91% used [0x00000000e0000000,0x00000000f06490a0,0x00000000f1e00000)
  from space 44032K, 99% used [0x00000000f1e00000,0x00000000f489a630,0x00000000f4900000)
  to   space 107520K, 0% used [0x00000000f8700000,0x00000000f8700000,0x00000000ff000000)
 ParOldGen       total 510464K, used 231148K [0x00000000a0000000, 0x00000000bf280000, 0x00000000e0000000)
  object space 510464K, 45% used [0x00000000a0000000,0x00000000ae1bb3b0,0x00000000bf280000)
 Metaspace       used 92879K, capacity 96332K, committed 96472K, reserved 1132544K
  class space    used 12229K, capacity 13013K, committed 13016K, reserved 1048576K
GC Heap History (10 events):
Event: 22.908 GC heap before
{Heap before GC invocations=17 (full 3):
 PSYoungGen      total 269312K, used 269310K [0x00000000e0000000, 0x00000000f7880000, 0x0000000100000000)
  eden space 237568K, 100% used [0x00000000e0000000,0x00000000ee800000,0x00000000ee800000)
  from space 31744K, 99% used [0x00000000ee800000,0x00000000f06ff800,0x00000000f0700000)
  to   space 47104K, 0% used [0x00000000f4a80000,0x00000000f4a80000,0x00000000f7880000)
 ParOldGen       total 212992K, used 83003K [0x00000000a0000000, 0x00000000ad000000, 0x00000000e0000000)
  object space 212992K, 38% used [0x00000000a0000000,0x00000000a510edf0,0x00000000ad000000)
 Metaspace       used 74174K, capacity 76892K, committed 77144K, reserved 1116160K
  class space    used 9930K, capacity 10553K, committed 10584K, reserved 1048576K
Event: 22.977 GC heap after
Heap after GC invocations=17 (full 3):
 PSYoungGen      total 309760K, used 47078K [0x00000000e0000000, 0x00000000fb600000, 0x0000000100000000)
  eden space 262656K, 0% used [0x00000000e0000000,0x00000000e0000000,0x00000000f0080000)
  from space 47104K, 99% used [0x00000000f4a80000,0x00000000f7879930,0x00000000f7880000)
  to   space 75776K, 0% used [0x00000000f0080000,0x00000000f0080000,0x00000000f4a80000)
 ParOldGen       total 212992K, used 139747K [0x00000000a0000000, 0x00000000ad000000, 0x00000000e0000000)
  object space 212992K, 65% used [0x00000000a0000000,0x00000000a8878de0,0x00000000ad000000)
 Metaspace       used 74174K, capacity 76892K, committed 77144K, reserved 1116160K
  class space    used 9930K, capacity 10553K, committed 10584K, reserved 1048576K
}
Event: 24.977 GC heap before
{Heap before GC invocations=18 (full 3):
 PSYoungGen      total 309760K, used 309734K [0x00000000e0000000, 0x00000000fb600000, 0x0000000100000000)
  eden space 262656K, 100% used [0x00000000e0000000,0x00000000f0080000,0x00000000f0080000)
  from space 47104K, 99% used [0x00000000f4a80000,0x00000000f7879930,0x00000000f7880000)
  to   space 75776K, 0% used [0x00000000f0080000,0x00000000f0080000,0x00000000f4a80000)
 ParOldGen       total 212992K, used 139747K [0x00000000a0000000, 0x00000000ad000000, 0x00000000e0000000)
  object space 212992K, 65% used [0x00000000a0000000,0x00000000a8878de0,0x00000000ad000000)
 Metaspace       used 79820K, capacity 82602K, committed 83032K, reserved 1120256K
  class space    used 10599K, capacity 11226K, committed 11352K, reserved 1048576K
Event: 25.089 GC heap after
Heap after GC invocations=18 (full 3):
 PSYoungGen      total 338432K, used 75751K [0x00000000e0000000, 0x0000000100000000, 0x0000000100000000)
  eden space 262656K, 0% used [0x00000000e0000000,0x00000000e0000000,0x00000000f0080000)
  from space 75776K, 99% used [0x00000000f0080000,0x00000000f4a79dc0,0x00000000f4a80000)
  to   space 118272K, 0% used [0x00000000f8c80000,0x00000000f8c80000,0x0000000100000000)
 ParOldGen       total 220160K, used 219819K [0x00000000a0000000, 0x00000000ad700000, 0x00000000e0000000)
  object space 220160K, 99% used [0x00000000a0000000,0x00000000ad6aaf50,0x00000000ad700000)
 Metaspace       used 79820K, capacity 82602K, committed 83032K, reserved 1120256K
  class space    used 10599K, capacity 11226K, committed 11352K, reserved 1048576K
}
Event: 25.089 GC heap before
{Heap before GC invocations=19 (full 4):
 PSYoungGen      total 338432K, used 75751K [0x00000000e0000000, 0x0000000100000000, 0x0000000100000000)
  eden space 262656K, 0% used [0x00000000e0000000,0x00000000e0000000,0x00000000f0080000)
  from space 75776K, 99% used [0x00000000f0080000,0x00000000f4a79dc0,0x00000000f4a80000)
  to   space 118272K, 0% used [0x00000000f8c80000,0x00000000f8c80000,0x0000000100000000)
 ParOldGen       total 220160K, used 219819K [0x00000000a0000000, 0x00000000ad700000, 0x00000000e0000000)
  object space 220160K, 99% used [0x00000000a0000000,0x00000000ad6aaf50,0x00000000ad700000)
 Metaspace       used 79820K, capacity 82602K, committed 83032K, reserved 1120256K
  class space    used 10599K, capacity 11226K, committed 11352K, reserved 1048576K
Event: 26.147 GC heap after
Heap after GC invocations=19 (full 4):
 PSYoungGen      total 338432K, used 11400K [0x00000000e0000000, 0x0000000100000000, 0x0000000100000000)
  eden space 262656K, 0% used [0x00000000e0000000,0x00000000e0000000,0x00000000f0080000)
  from space 75776K, 15% used [0x00000000f0080000,0x00000000f0ba2288,0x00000000f4a80000)
  to   space 118272K, 0% used [0x00000000f8c80000,0x00000000f8c80000,0x0000000100000000)
 ParOldGen       total 510464K, used 219824K [0x00000000a0000000, 0x00000000bf280000, 0x00000000e0000000)
  object space 510464K, 43% used [0x00000000a0000000,0x00000000ad6ac0f8,0x00000000bf280000)
 Metaspace       used 79629K, capacity 82046K, committed 83032K, reserved 1120256K
  class space    used 10538K, capacity 11118K, committed 11352K, reserved 1048576K
}
Event: 28.781 GC heap before
{Heap before GC invocations=20 (full 4):
 PSYoungGen      total 338432K, used 274056K [0x00000000e0000000, 0x0000000100000000, 0x0000000100000000)
  eden space 262656K, 100% used [0x00000000e0000000,0x00000000f0080000,0x00000000f0080000)
  from space 75776K, 15% used [0x00000000f0080000,0x00000000f0ba2288,0x00000000f4a80000)
  to   space 118272K, 0% used [0x00000000f8c80000,0x00000000f8c80000,0x0000000100000000)
 ParOldGen       total 510464K, used 219824K [0x00000000a0000000, 0x00000000bf280000, 0x00000000e0000000)
  object space 510464K, 43% used [0x00000000a0000000,0x00000000ad6ac0f8,0x00000000bf280000)
 Metaspace       used 81378K, capacity 83774K, committed 84696K, reserved 1122304K
  class space    used 10660K, capacity 11246K, committed 11480K, reserved 1048576K
Event: 28.844 GC heap after
Heap after GC invocations=20 (full 4):
 PSYoungGen      total 411136K, used 24591K [0x00000000e0000000, 0x0000000100000000, 0x0000000100000000)
  eden space 292864K, 0% used [0x00000000e0000000,0x00000000e0000000,0x00000000f1e00000)
  from space 118272K, 20% used [0x00000000f8c80000,0x00000000fa483f88,0x0000000100000000)
  to   space 113152K, 0% used [0x00000000f1e00000,0x00000000f1e00000,0x00000000f8c80000)
 ParOldGen       total 510464K, used 231140K [0x00000000a0000000, 0x00000000bf280000, 0x00000000e0000000)
  object space 510464K, 45% used [0x00000000a0000000,0x00000000ae1b93b0,0x00000000bf280000)
 Metaspace       used 81378K, capacity 83774K, committed 84696K, reserved 1122304K
  class space    used 10660K, capacity 11246K, committed 11480K, reserved 1048576K
}
Event: 35.414 GC heap before
{Heap before GC invocations=21 (full 4):
 PSYoungGen      total 411136K, used 317455K [0x00000000e0000000, 0x0000000100000000, 0x0000000100000000)
  eden space 292864K, 100% used [0x00000000e0000000,0x00000000f1e00000,0x00000000f1e00000)
  from space 118272K, 20% used [0x00000000f8c80000,0x00000000fa483f88,0x0000000100000000)
  to   space 113152K, 0% used [0x00000000f1e00000,0x00000000f1e00000,0x00000000f8c80000)
 ParOldGen       total 510464K, used 231140K [0x00000000a0000000, 0x00000000bf280000, 0x00000000e0000000)
  object space 510464K, 45% used [0x00000000a0000000,0x00000000ae1b93b0,0x00000000bf280000)
 Metaspace       used 82449K, capacity 84970K, committed 85720K, reserved 1124352K
  class space    used 10766K, capacity 11344K, committed 11480K, reserved 1048576K
Event: 35.450 GC heap after
Heap after GC invocations=21 (full 4):
 PSYoungGen      total 336896K, used 43625K [0x00000000e0000000, 0x00000000ff000000, 0x0000000100000000)
  eden space 292864K, 0% used [0x00000000e0000000,0x00000000e0000000,0x00000000f1e00000)
  from space 44032K, 99% used [0x00000000f1e00000,0x00000000f489a630,0x00000000f4900000)
  to   space 107520K, 0% used [0x00000000f8700000,0x00000000f8700000,0x00000000ff000000)
 ParOldGen       total 510464K, used 231148K [0x00000000a0000000, 0x00000000bf280000, 0x00000000e0000000)
  object space 510464K, 45% used [0x00000000a0000000,0x00000000ae1bb3b0,0x00000000bf280000)
 Metaspace       used 82449K, capacity 84970K, committed 85720K, reserved 1124352K
  class space    used 10766K, capacity 11344K, committed 11480K, reserved 1048576K
}

