# JRE version: OpenJDK Runtime Environment (8.0_212-b04) (build 1.8.0_212-release-1586-b04)
# Java VM: OpenJDK 64-Bit Server VM (25.212-b04 mixed mode windows-amd64 compressed oops)
Heap:
 PSYoungGen      total 366592K, used 210502K [0x00000000e0000000, 0x00000000fc680000, 0x0000000100000000)
  eden space 315392K, 63% used [0x00000000e0000000,0x00000000ec24eae0,0x00000000f3400000)
  from space 51200K, 22% used [0x00000000f3400000,0x00000000f3f42f00,0x00000000f6600000)
  to   space 49664K, 0% used [0x00000000f9600000,0x00000000f9600000,0x00000000fc680000)
 ParOldGen       total 223744K, used 129234K [0x00000000a0000000, 0x00000000ada80000, 0x00000000e0000000)
  object space 223744K, 57% used [0x00000000a0000000,0x00000000a7e348d0,0x00000000ada80000)
 Metaspace       used 75620K, capacity 79411K, committed 79528K, reserved 1118208K
  class space    used 10311K, capacity 11091K, committed 11176K, reserved 1048576K
GC Heap History (10 events):
Event: 18.947 GC heap before
{Heap before GC invocations=16 (full 3):
 PSYoungGen      total 241152K, used 241120K [0x00000000e0000000, 0x00000000f1780000, 0x0000000100000000)
  eden space 219136K, 100% used [0x00000000e0000000,0x00000000ed600000,0x00000000ed600000)
  from space 22016K, 99% used [0x00000000ef280000,0x00000000f07f80a0,0x00000000f0800000)
  to   space 29184K, 0% used [0x00000000ed600000,0x00000000ed600000,0x00000000ef280000)
 ParOldGen       total 223744K, used 50791K [0x00000000a0000000, 0x00000000ada80000, 0x00000000e0000000)
  object space 223744K, 22% used [0x00000000a0000000,0x00000000a3199cd0,0x00000000ada80000)
 Metaspace       used 64491K, capacity 67169K, committed 67368K, reserved 1107968K
  class space    used 8850K, capacity 9442K, committed 9512K, reserved 1048576K
Event: 18.977 GC heap after
Heap after GC invocations=16 (full 3):
 PSYoungGen      total 248320K, used 29152K [0x00000000e0000000, 0x00000000f4b00000, 0x0000000100000000)
  eden space 219136K, 0% used [0x00000000e0000000,0x00000000e0000000,0x00000000ed600000)
  from space 29184K, 99% used [0x00000000ed600000,0x00000000ef2780b0,0x00000000ef280000)
  to   space 36864K, 0% used [0x00000000f2700000,0x00000000f2700000,0x00000000f4b00000)
 ParOldGen       total 223744K, used 60439K [0x00000000a0000000, 0x00000000ada80000, 0x00000000e0000000)
  object space 223744K, 27% used [0x00000000a0000000,0x00000000a3b05ee8,0x00000000ada80000)
 Metaspace       used 64491K, capacity 67169K, committed 67368K, reserved 1107968K
  class space    used 8850K, capacity 9442K, committed 9512K, reserved 1048576K
}
Event: 20.169 GC heap before
{Heap before GC invocations=17 (full 3):
 PSYoungGen      total 248320K, used 248288K [0x00000000e0000000, 0x00000000f4b00000, 0x0000000100000000)
  eden space 219136K, 100% used [0x00000000e0000000,0x00000000ed600000,0x00000000ed600000)
  from space 29184K, 99% used [0x00000000ed600000,0x00000000ef2780b0,0x00000000ef280000)
  to   space 36864K, 0% used [0x00000000f2700000,0x00000000f2700000,0x00000000f4b00000)
 ParOldGen       total 223744K, used 60439K [0x00000000a0000000, 0x00000000ada80000, 0x00000000e0000000)
  object space 223744K, 27% used [0x00000000a0000000,0x00000000a3b05ee8,0x00000000ada80000)
 Metaspace       used 72276K, capacity 75677K, committed 75816K, reserved 1114112K
  class space    used 10021K, capacity 10756K, committed 10792K, reserved 1048576K
Event: 20.224 GC heap after
Heap after GC invocations=17 (full 3):
 PSYoungGen      total 284672K, used 36843K [0x00000000e0000000, 0x00000000f7880000, 0x0000000100000000)
  eden space 247808K, 0% used [0x00000000e0000000,0x00000000e0000000,0x00000000ef200000)
  from space 36864K, 99% used [0x00000000f2700000,0x00000000f4afaf90,0x00000000f4b00000)
  to   space 54272K, 0% used [0x00000000ef200000,0x00000000ef200000,0x00000000f2700000)
 ParOldGen       total 223744K, used 92088K [0x00000000a0000000, 0x00000000ada80000, 0x00000000e0000000)
  object space 223744K, 41% used [0x00000000a0000000,0x00000000a59ee2f8,0x00000000ada80000)
 Metaspace       used 72276K, capacity 75677K, committed 75816K, reserved 1114112K
  class space    used 10021K, capacity 10756K, committed 10792K, reserved 1048576K
}
Event: 21.299 GC heap before
{Heap before GC invocations=18 (full 3):
 PSYoungGen      total 284672K, used 284651K [0x00000000e0000000, 0x00000000f7880000, 0x0000000100000000)
  eden space 247808K, 100% used [0x00000000e0000000,0x00000000ef200000,0x00000000ef200000)
  from space 36864K, 99% used [0x00000000f2700000,0x00000000f4afaf90,0x00000000f4b00000)
  to   space 54272K, 0% used [0x00000000ef200000,0x00000000ef200000,0x00000000f2700000)
 ParOldGen       total 223744K, used 92088K [0x00000000a0000000, 0x00000000ada80000, 0x00000000e0000000)
  object space 223744K, 41% used [0x00000000a0000000,0x00000000a59ee2f8,0x00000000ada80000)
 Metaspace       used 74300K, capacity 77935K, committed 78120K, reserved 1116160K
  class space    used 10282K, capacity 11035K, committed 11048K, reserved 1048576K
Event: 21.345 GC heap after
Heap after GC invocations=18 (full 3):
 PSYoungGen      total 302080K, used 10129K [0x00000000e0000000, 0x00000000f9f80000, 0x0000000100000000)
  eden space 247808K, 0% used [0x00000000e0000000,0x00000000e0000000,0x00000000ef200000)
  from space 54272K, 18% used [0x00000000ef200000,0x00000000efbe47a0,0x00000000f2700000)
  to   space 52736K, 0% used [0x00000000f6c00000,0x00000000f6c00000,0x00000000f9f80000)
 ParOldGen       total 223744K, used 126391K [0x00000000a0000000, 0x00000000ada80000, 0x00000000e0000000)
  object space 223744K, 56% used [0x00000000a0000000,0x00000000a7b6dee8,0x00000000ada80000)
 Metaspace       used 74300K, capacity 77935K, committed 78120K, reserved 1116160K
  class space    used 10282K, capacity 11035K, committed 11048K, reserved 1048576K
}
Event: 22.427 GC heap before
{Heap before GC invocations=19 (full 3):
 PSYoungGen      total 302080K, used 257937K [0x00000000e0000000, 0x00000000f9f80000, 0x0000000100000000)
  eden space 247808K, 100% used [0x00000000e0000000,0x00000000ef200000,0x00000000ef200000)
  from space 54272K, 18% used [0x00000000ef200000,0x00000000efbe47a0,0x00000000f2700000)
  to   space 52736K, 0% used [0x00000000f6c00000,0x00000000f6c00000,0x00000000f9f80000)
 ParOldGen       total 223744K, used 126391K [0x00000000a0000000, 0x00000000ada80000, 0x00000000e0000000)
  object space 223744K, 56% used [0x00000000a0000000,0x00000000a7b6dee8,0x00000000ada80000)
 Metaspace       used 75117K, capacity 78911K, committed 79272K, reserved 1118208K
  class space    used 10298K, capacity 11049K, committed 11176K, reserved 1048576K
Event: 22.443 GC heap after
Heap after GC invocations=19 (full 3):
 PSYoungGen      total 360448K, used 11877K [0x00000000e0000000, 0x00000000f9800000, 0x0000000100000000)
  eden space 315392K, 0% used [0x00000000e0000000,0x00000000e0000000,0x00000000f3400000)
  from space 45056K, 26% used [0x00000000f6c00000,0x00000000f77997d0,0x00000000f9800000)
  to   space 51200K, 0% used [0x00000000f3400000,0x00000000f3400000,0x00000000f6600000)
 ParOldGen       total 223744K, used 129234K [0x00000000a0000000, 0x00000000ada80000, 0x00000000e0000000)
  object space 223744K, 57% used [0x00000000a0000000,0x00000000a7e348d0,0x00000000ada80000)
 Metaspace       used 75117K, capacity 78911K, committed 79272K, reserved 1118208K
  class space    used 10298K, capacity 11049K, committed 11176K, reserved 1048576K
}
Event: 23.619 GC heap before
{Heap before GC invocations=20 (full 3):
 PSYoungGen      total 360448K, used 327269K [0x00000000e0000000, 0x00000000f9800000, 0x0000000100000000)
  eden space 315392K, 100% used [0x00000000e0000000,0x00000000f3400000,0x00000000f3400000)
  from space 45056K, 26% used [0x00000000f6c00000,0x00000000f77997d0,0x00000000f9800000)
  to   space 51200K, 0% used [0x00000000f3400000,0x00000000f3400000,0x00000000f6600000)
 ParOldGen       total 223744K, used 129234K [0x00000000a0000000, 0x00000000ada80000, 0x00000000e0000000)
  object space 223744K, 57% used [0x00000000a0000000,0x00000000a7e348d0,0x00000000ada80000)
 Metaspace       used 75402K, capacity 79187K, committed 79528K, reserved 1118208K
  class space    used 10308K, capacity 11087K, committed 11176K, reserved 1048576K
Event: 23.626 GC heap after
Heap after GC invocations=20 (full 3):
 PSYoungGen      total 366592K, used 11531K [0x00000000e0000000, 0x00000000fc680000, 0x0000000100000000)
  eden space 315392K, 0% used [0x00000000e0000000,0x00000000e0000000,0x00000000f3400000)
  from space 51200K, 22% used [0x00000000f3400000,0x00000000f3f42f00,0x00000000f6600000)
  to   space 49664K, 0% used [0x00000000f9600000,0x00000000f9600000,0x00000000fc680000)
 ParOldGen       total 223744K, used 129234K [0x00000000a0000000, 0x00000000ada80000, 0x00000000e0000000)
  object space 223744K, 57% used [0x00000000a0000000,0x00000000a7e348d0,0x00000000ada80000)
 Metaspace       used 75402K, capacity 79187K, committed 79528K, reserved 1118208K
  class space    used 10308K, capacity 11087K, committed 11176K, reserved 1048576K
}

