# JRE version: OpenJDK Runtime Environment (8.0_212-b04) (build 1.8.0_212-release-1586-b04)
# Java VM: OpenJDK 64-Bit Server VM (25.212-b04 mixed mode windows-amd64 compressed oops)
Heap:
 PSYoungGen      total 342016K, used 44547K [0x00000000e0000000, 0x00000000fd400000, 0x0000000100000000)
  eden space 233472K, 0% used [0x00000000e0000000,0x00000000e0000000,0x00000000ee400000)
  from space 108544K, 41% used [0x00000000f5400000,0x00000000f7f80e10,0x00000000fbe00000)
  to   space 114688K, 0% used [0x00000000ee400000,0x00000000ee400000,0x00000000f5400000)
 ParOldGen       total 256000K, used 227067K [0x00000000a0000000, 0x00000000afa00000, 0x00000000e0000000)
  object space 256000K, 88% used [0x00000000a0000000,0x00000000addbef50,0x00000000afa00000)
 Metaspace       used 101795K, capacity 105400K, committed 105600K, reserved 1140736K
  class space    used 13141K, capacity 13947K, committed 13952K, reserved 1048576K
GC Heap History (10 events):
Event: 100.126 GC heap before
{Heap before GC invocations=23 (full 4):
 PSYoungGen      total 292352K, used 200704K [0x00000000e0000000, 0x00000000fde00000, 0x0000000100000000)
  eden space 200704K, 100% used [0x00000000e0000000,0x00000000ec400000,0x00000000ec400000)
  from space 91648K, 0% used [0x00000000f3d80000,0x00000000f3d80000,0x00000000f9700000)
  to   space 124416K, 0% used [0x00000000ec400000,0x00000000ec400000,0x00000000f3d80000)
 ParOldGen       total 256000K, used 205311K [0x00000000a0000000, 0x00000000afa00000, 0x00000000e0000000)
  object space 256000K, 80% used [0x00000000a0000000,0x00000000ac87feb0,0x00000000afa00000)
 Metaspace       used 90998K, capacity 93604K, committed 94464K, reserved 1130496K
  class space    used 11779K, capacity 12399K, committed 12544K, reserved 1048576K
Event: 100.142 GC heap after
Heap after GC invocations=23 (full 4):
 PSYoungGen      total 325120K, used 22478K [0x00000000e0000000, 0x00000000fc400000, 0x0000000100000000)
  eden space 200704K, 0% used [0x00000000e0000000,0x00000000e0000000,0x00000000ec400000)
  from space 124416K, 18% used [0x00000000ec400000,0x00000000ed9f3b58,0x00000000f3d80000)
  to   space 120320K, 0% used [0x00000000f4e80000,0x00000000f4e80000,0x00000000fc400000)
 ParOldGen       total 256000K, used 205319K [0x00000000a0000000, 0x00000000afa00000, 0x00000000e0000000)
  object space 256000K, 80% used [0x00000000a0000000,0x00000000ac881eb0,0x00000000afa00000)
 Metaspace       used 90998K, capacity 93604K, committed 94464K, reserved 1130496K
  class space    used 11779K, capacity 12399K, committed 12544K, reserved 1048576K
}
Event: 105.994 GC heap before
{Heap before GC invocations=24 (full 4):
 PSYoungGen      total 325120K, used 223182K [0x00000000e0000000, 0x00000000fc400000, 0x0000000100000000)
  eden space 200704K, 100% used [0x00000000e0000000,0x00000000ec400000,0x00000000ec400000)
  from space 124416K, 18% used [0x00000000ec400000,0x00000000ed9f3b58,0x00000000f3d80000)
  to   space 120320K, 0% used [0x00000000f4e80000,0x00000000f4e80000,0x00000000fc400000)
 ParOldGen       total 256000K, used 205319K [0x00000000a0000000, 0x00000000afa00000, 0x00000000e0000000)
  object space 256000K, 80% used [0x00000000a0000000,0x00000000ac881eb0,0x00000000afa00000)
 Metaspace       used 91566K, capacity 94116K, committed 94976K, reserved 1132544K
  class space    used 11798K, capacity 12399K, committed 12544K, reserved 1048576K
Event: 106.017 GC heap after
Heap after GC invocations=24 (full 4):
 PSYoungGen      total 328192K, used 29072K [0x00000000e0000000, 0x00000000fb800000, 0x0000000100000000)
  eden space 220160K, 0% used [0x00000000e0000000,0x00000000e0000000,0x00000000ed700000)
  from space 108032K, 26% used [0x00000000f4e80000,0x00000000f6ae4180,0x00000000fb800000)
  to   space 115200K, 0% used [0x00000000ed700000,0x00000000ed700000,0x00000000f4780000)
 ParOldGen       total 256000K, used 205327K [0x00000000a0000000, 0x00000000afa00000, 0x00000000e0000000)
  object space 256000K, 80% used [0x00000000a0000000,0x00000000ac883eb0,0x00000000afa00000)
 Metaspace       used 91566K, capacity 94116K, committed 94976K, reserved 1132544K
  class space    used 11798K, capacity 12399K, committed 12544K, reserved 1048576K
}
Event: 116.510 GC heap before
{Heap before GC invocations=25 (full 4):
 PSYoungGen      total 328192K, used 249232K [0x00000000e0000000, 0x00000000fb800000, 0x0000000100000000)
  eden space 220160K, 100% used [0x00000000e0000000,0x00000000ed700000,0x00000000ed700000)
  from space 108032K, 26% used [0x00000000f4e80000,0x00000000f6ae4180,0x00000000fb800000)
  to   space 115200K, 0% used [0x00000000ed700000,0x00000000ed700000,0x00000000f4780000)
 ParOldGen       total 256000K, used 205327K [0x00000000a0000000, 0x00000000afa00000, 0x00000000e0000000)
  object space 256000K, 80% used [0x00000000a0000000,0x00000000ac883eb0,0x00000000afa00000)
 Metaspace       used 92717K, capacity 95300K, committed 95872K, reserved 1132544K
  class space    used 11957K, capacity 12583K, committed 12672K, reserved 1048576K
Event: 116.553 GC heap after
Heap after GC invocations=25 (full 4):
 PSYoungGen      total 335360K, used 43553K [0x00000000e0000000, 0x00000000fbe00000, 0x0000000100000000)
  eden space 220160K, 0% used [0x00000000e0000000,0x00000000e0000000,0x00000000ed700000)
  from space 115200K, 37% used [0x00000000ed700000,0x00000000f0188448,0x00000000f4780000)
  to   space 108544K, 0% used [0x00000000f5400000,0x00000000f5400000,0x00000000fbe00000)
 ParOldGen       total 256000K, used 205335K [0x00000000a0000000, 0x00000000afa00000, 0x00000000e0000000)
  object space 256000K, 80% used [0x00000000a0000000,0x00000000ac885eb0,0x00000000afa00000)
 Metaspace       used 92717K, capacity 95300K, committed 95872K, reserved 1132544K
  class space    used 11957K, capacity 12583K, committed 12672K, reserved 1048576K
}
Event: 118.854 GC heap before
{Heap before GC invocations=26 (full 4):
 PSYoungGen      total 335360K, used 263713K [0x00000000e0000000, 0x00000000fbe00000, 0x0000000100000000)
  eden space 220160K, 100% used [0x00000000e0000000,0x00000000ed700000,0x00000000ed700000)
  from space 115200K, 37% used [0x00000000ed700000,0x00000000f0188448,0x00000000f4780000)
  to   space 108544K, 0% used [0x00000000f5400000,0x00000000f5400000,0x00000000fbe00000)
 ParOldGen       total 256000K, used 205335K [0x00000000a0000000, 0x00000000afa00000, 0x00000000e0000000)
  object space 256000K, 80% used [0x00000000a0000000,0x00000000ac885eb0,0x00000000afa00000)
 Metaspace       used 99856K, capacity 103066K, committed 103424K, reserved 1138688K
  class space    used 12955K, capacity 13718K, committed 13824K, reserved 1048576K
Event: 118.921 GC heap after
Heap after GC invocations=26 (full 4):
 PSYoungGen      total 342016K, used 76324K [0x00000000e0000000, 0x00000000fd400000, 0x0000000100000000)
  eden space 233472K, 0% used [0x00000000e0000000,0x00000000e0000000,0x00000000ee400000)
  from space 108544K, 70% used [0x00000000f5400000,0x00000000f9e89378,0x00000000fbe00000)
  to   space 114688K, 0% used [0x00000000ee400000,0x00000000ee400000,0x00000000f5400000)
 ParOldGen       total 256000K, used 205343K [0x00000000a0000000, 0x00000000afa00000, 0x00000000e0000000)
  object space 256000K, 80% used [0x00000000a0000000,0x00000000ac887eb0,0x00000000afa00000)
 Metaspace       used 99856K, capacity 103066K, committed 103424K, reserved 1138688K
  class space    used 12955K, capacity 13718K, committed 13824K, reserved 1048576K
}
Event: 119.922 GC heap before
{Heap before GC invocations=27 (full 4):
 PSYoungGen      total 342016K, used 309796K [0x00000000e0000000, 0x00000000fd400000, 0x0000000100000000)
  eden space 233472K, 100% used [0x00000000e0000000,0x00000000ee400000,0x00000000ee400000)
  from space 108544K, 70% used [0x00000000f5400000,0x00000000f9e89378,0x00000000fbe00000)
  to   space 114688K, 0% used [0x00000000ee400000,0x00000000ee400000,0x00000000f5400000)
 ParOldGen       total 256000K, used 205343K [0x00000000a0000000, 0x00000000afa00000, 0x00000000e0000000)
  object space 256000K, 80% used [0x00000000a0000000,0x00000000ac887eb0,0x00000000afa00000)
 Metaspace       used 101210K, capacity 104720K, committed 104832K, reserved 1140736K
  class space    used 13117K, capacity 13927K, committed 13952K, reserved 1048576K
Event: 119.980 GC heap after
Heap after GC invocations=27 (full 4):
 PSYoungGen      total 348160K, used 74342K [0x00000000e0000000, 0x00000000fd400000, 0x0000000100000000)
  eden space 233472K, 0% used [0x00000000e0000000,0x00000000e0000000,0x00000000ee400000)
  from space 114688K, 64% used [0x00000000ee400000,0x00000000f2c998d0,0x00000000f5400000)
  to   space 108544K, 0% used [0x00000000f5400000,0x00000000f5400000,0x00000000fbe00000)
 ParOldGen       total 256000K, used 205351K [0x00000000a0000000, 0x00000000afa00000, 0x00000000e0000000)
  object space 256000K, 80% used [0x00000000a0000000,0x00000000ac889eb0,0x00000000afa00000)
 Metaspace       used 101210K, capacity 104720K, committed 104832K, reserved 1140736K
  class space    used 13117K, capacity 13927K, committed 13952K, reserved 1048576K
}

