# JRE version: OpenJDK Runtime Environment (8.0_212-b04) (build 1.8.0_212-release-1586-b04)
# Java VM: OpenJDK 64-Bit Server VM (25.212-b04 mixed mode windows-amd64 compressed oops)
Heap:
 PSYoungGen      total 399872K, used 230419K [0x00000000e0000000, 0x00000000fe200000, 0x0000000100000000)
  eden space 320512K, 54% used [0x00000000e0000000,0x00000000eab2d108,0x00000000f3900000)
  from space 79360K, 69% used [0x00000000f8b00000,0x00000000fc0d7bc8,0x00000000fd880000)
  to   space 83968K, 0% used [0x00000000f3900000,0x00000000f3900000,0x00000000f8b00000)
 ParOldGen       total 450560K, used 156744K [0x00000000a0000000, 0x00000000bb800000, 0x00000000e0000000)
  object space 450560K, 34% used [0x00000000a0000000,0x00000000a9912138,0x00000000bb800000)
 Metaspace       used 94568K, capacity 98112K, committed 98344K, reserved 1134592K
  class space    used 12510K, capacity 13251K, committed 13352K, reserved 1048576K
GC Heap History (10 events):
Event: 26.511 GC heap before
{Heap before GC invocations=18 (full 3):
 PSYoungGen      total 277504K, used 277499K [0x00000000e0000000, 0x00000000f7f80000, 0x0000000100000000)
  eden space 234496K, 100% used [0x00000000e0000000,0x00000000ee500000,0x00000000ee500000)
  from space 43008K, 99% used [0x00000000f2500000,0x00000000f4efef20,0x00000000f4f00000)
  to   space 65536K, 0% used [0x00000000ee500000,0x00000000ee500000,0x00000000f2500000)
 ParOldGen       total 223744K, used 116942K [0x00000000a0000000, 0x00000000ada80000, 0x00000000e0000000)
  object space 223744K, 52% used [0x00000000a0000000,0x00000000a7233908,0x00000000ada80000)
 Metaspace       used 79809K, capacity 82496K, committed 82728K, reserved 1120256K
  class space    used 10593K, capacity 11241K, committed 11304K, reserved 1048576K
Event: 26.565 GC heap after
Heap after GC invocations=18 (full 3):
 PSYoungGen      total 300032K, used 65518K [0x00000000e0000000, 0x00000000fbb00000, 0x0000000100000000)
  eden space 234496K, 0% used [0x00000000e0000000,0x00000000e0000000,0x00000000ee500000)
  from space 65536K, 99% used [0x00000000ee500000,0x00000000f24fba50,0x00000000f2500000)
  to   space 84992K, 0% used [0x00000000f6800000,0x00000000f6800000,0x00000000fbb00000)
 ParOldGen       total 223744K, used 139926K [0x00000000a0000000, 0x00000000ada80000, 0x00000000e0000000)
  object space 223744K, 62% used [0x00000000a0000000,0x00000000a88a5b90,0x00000000ada80000)
 Metaspace       used 79809K, capacity 82496K, committed 82728K, reserved 1120256K
  class space    used 10593K, capacity 11241K, committed 11304K, reserved 1048576K
}
Event: 27.863 GC heap before
{Heap before GC invocations=19 (full 3):
 PSYoungGen      total 300032K, used 300014K [0x00000000e0000000, 0x00000000fbb00000, 0x0000000100000000)
  eden space 234496K, 100% used [0x00000000e0000000,0x00000000ee500000,0x00000000ee500000)
  from space 65536K, 99% used [0x00000000ee500000,0x00000000f24fba50,0x00000000f2500000)
  to   space 84992K, 0% used [0x00000000f6800000,0x00000000f6800000,0x00000000fbb00000)
 ParOldGen       total 223744K, used 139926K [0x00000000a0000000, 0x00000000ada80000, 0x00000000e0000000)
  object space 223744K, 62% used [0x00000000a0000000,0x00000000a88a5b90,0x00000000ada80000)
 Metaspace       used 80838K, capacity 83488K, committed 83880K, reserved 1122304K
  class space    used 10693K, capacity 11337K, committed 11432K, reserved 1048576K
Event: 27.905 GC heap after
Heap after GC invocations=19 (full 3):
 PSYoungGen      total 371712K, used 18254K [0x00000000e0000000, 0x00000000fbb00000, 0x0000000100000000)
  eden space 286720K, 0% used [0x00000000e0000000,0x00000000e0000000,0x00000000f1800000)
  from space 84992K, 21% used [0x00000000f6800000,0x00000000f79d38b0,0x00000000fbb00000)
  to   space 81920K, 0% used [0x00000000f1800000,0x00000000f1800000,0x00000000f6800000)
 ParOldGen       total 223744K, used 193642K [0x00000000a0000000, 0x00000000ada80000, 0x00000000e0000000)
  object space 223744K, 86% used [0x00000000a0000000,0x00000000abd1abf8,0x00000000ada80000)
 Metaspace       used 80838K, capacity 83488K, committed 83880K, reserved 1122304K
  class space    used 10693K, capacity 11337K, committed 11432K, reserved 1048576K
}
Event: 27.905 GC heap before
{Heap before GC invocations=20 (full 4):
 PSYoungGen      total 371712K, used 18254K [0x00000000e0000000, 0x00000000fbb00000, 0x0000000100000000)
  eden space 286720K, 0% used [0x00000000e0000000,0x00000000e0000000,0x00000000f1800000)
  from space 84992K, 21% used [0x00000000f6800000,0x00000000f79d38b0,0x00000000fbb00000)
  to   space 81920K, 0% used [0x00000000f1800000,0x00000000f1800000,0x00000000f6800000)
 ParOldGen       total 223744K, used 193642K [0x00000000a0000000, 0x00000000ada80000, 0x00000000e0000000)
  object space 223744K, 86% used [0x00000000a0000000,0x00000000abd1abf8,0x00000000ada80000)
 Metaspace       used 80838K, capacity 83488K, committed 83880K, reserved 1122304K
  class space    used 10693K, capacity 11337K, committed 11432K, reserved 1048576K
Event: 28.350 GC heap after
Heap after GC invocations=20 (full 4):
 PSYoungGen      total 371712K, used 0K [0x00000000e0000000, 0x00000000fbb00000, 0x0000000100000000)
  eden space 286720K, 0% used [0x00000000e0000000,0x00000000e0000000,0x00000000f1800000)
  from space 84992K, 0% used [0x00000000f6800000,0x00000000f6800000,0x00000000fbb00000)
  to   space 81920K, 0% used [0x00000000f1800000,0x00000000f1800000,0x00000000f6800000)
 ParOldGen       total 450560K, used 156728K [0x00000000a0000000, 0x00000000bb800000, 0x00000000e0000000)
  object space 450560K, 34% used [0x00000000a0000000,0x00000000a990e138,0x00000000bb800000)
 Metaspace       used 80682K, capacity 83066K, committed 83880K, reserved 1122304K
  class space    used 10642K, capacity 11246K, committed 11432K, reserved 1048576K
}
Event: 33.535 GC heap before
{Heap before GC invocations=21 (full 4):
 PSYoungGen      total 371712K, used 286720K [0x00000000e0000000, 0x00000000fbb00000, 0x0000000100000000)
  eden space 286720K, 100% used [0x00000000e0000000,0x00000000f1800000,0x00000000f1800000)
  from space 84992K, 0% used [0x00000000f6800000,0x00000000f6800000,0x00000000fbb00000)
  to   space 81920K, 0% used [0x00000000f1800000,0x00000000f1800000,0x00000000f6800000)
 ParOldGen       total 450560K, used 156728K [0x00000000a0000000, 0x00000000bb800000, 0x00000000e0000000)
  object space 450560K, 34% used [0x00000000a0000000,0x00000000a990e138,0x00000000bb800000)
 Metaspace       used 81842K, capacity 84258K, committed 84904K, reserved 1122304K
  class space    used 10695K, capacity 11294K, committed 11432K, reserved 1048576K
Event: 33.553 GC heap after
Heap after GC invocations=21 (full 4):
 PSYoungGen      total 368640K, used 14569K [0x00000000e0000000, 0x00000000fd880000, 0x0000000100000000)
  eden space 286720K, 0% used [0x00000000e0000000,0x00000000e0000000,0x00000000f1800000)
  from space 81920K, 17% used [0x00000000f1800000,0x00000000f263a538,0x00000000f6800000)
  to   space 79360K, 0% used [0x00000000f8b00000,0x00000000f8b00000,0x00000000fd880000)
 ParOldGen       total 450560K, used 156736K [0x00000000a0000000, 0x00000000bb800000, 0x00000000e0000000)
  object space 450560K, 34% used [0x00000000a0000000,0x00000000a9910138,0x00000000bb800000)
 Metaspace       used 81842K, capacity 84258K, committed 84904K, reserved 1122304K
  class space    used 10695K, capacity 11294K, committed 11432K, reserved 1048576K
}
Event: 36.778 GC heap before
{Heap before GC invocations=22 (full 4):
 PSYoungGen      total 368640K, used 301289K [0x00000000e0000000, 0x00000000fd880000, 0x0000000100000000)
  eden space 286720K, 100% used [0x00000000e0000000,0x00000000f1800000,0x00000000f1800000)
  from space 81920K, 17% used [0x00000000f1800000,0x00000000f263a538,0x00000000f6800000)
  to   space 79360K, 0% used [0x00000000f8b00000,0x00000000f8b00000,0x00000000fd880000)
 ParOldGen       total 450560K, used 156736K [0x00000000a0000000, 0x00000000bb800000, 0x00000000e0000000)
  object space 450560K, 34% used [0x00000000a0000000,0x00000000a9910138,0x00000000bb800000)
 Metaspace       used 91374K, capacity 94614K, committed 94760K, reserved 1130496K
  class space    used 12074K, capacity 12786K, committed 12840K, reserved 1048576K
Event: 36.838 GC heap after
Heap after GC invocations=22 (full 4):
 PSYoungGen      total 399872K, used 55134K [0x00000000e0000000, 0x00000000fe200000, 0x0000000100000000)
  eden space 320512K, 0% used [0x00000000e0000000,0x00000000e0000000,0x00000000f3900000)
  from space 79360K, 69% used [0x00000000f8b00000,0x00000000fc0d7bc8,0x00000000fd880000)
  to   space 83968K, 0% used [0x00000000f3900000,0x00000000f3900000,0x00000000f8b00000)
 ParOldGen       total 450560K, used 156744K [0x00000000a0000000, 0x00000000bb800000, 0x00000000e0000000)
  object space 450560K, 34% used [0x00000000a0000000,0x00000000a9912138,0x00000000bb800000)
 Metaspace       used 91374K, capacity 94614K, committed 94760K, reserved 1130496K
  class space    used 12074K, capacity 12786K, committed 12840K, reserved 1048576K
}

